# JRE version: Java(TM) SE Runtime Environment (21.0.2+13) (build 21.0.2+13-LTS-58)
# Java VM: Java HotSpot(TM) 64-Bit Server VM (21.0.2+13-LTS-58, mixed mode, sharing, tiered, compressed oops, compressed class ptrs, g1 gc, windows-amd64)
GC Precious Log:
 CardTable entry size: 512
 Card Set container configuration: InlinePtr #cards 5 size 8 Array Of Cards #cards 12 size 40 Howl #buckets 4 coarsen threshold 1843 Howl Bitmap #cards 512 size 80 coarsen threshold 460 Card regions per heap region 1 cards per card region 2048
 CPUs: 12 total, 12 available
 Memory: 7967M
 Large Page Support: Disabled
 NUMA Support: Disabled
 Compressed Oops: Enabled (32-bit)
 Heap Region Size: 1M
 Heap Min Capacity: 512M
 Heap Initial Capacity: 512M
 Heap Max Capacity: 1G
 Pre-touch: Disabled
 Parallel Workers: 10
 Concurrent Workers: 3
 Concurrent Refinement Workers: 10
 Periodic GC: Disabled
Heap:
 garbage-first heap   total 524288K, used 44867K [0x00000000c0000000, 0x0000000100000000)
  region size 1024K, 45 young (46080K), 18 survivors (18432K)
 Metaspace       used 40687K, committed 41280K, reserved 1114112K
  class space    used 5092K, committed 5376K, reserved 1048576K
GC Heap History (8 events):
Event: 2.065 GC heap before
{Heap before GC invocations=0 (full 0):
 garbage-first heap   total 524288K, used 25600K [0x00000000c0000000, 0x0000000100000000)
  region size 1024K, 25 young (25600K), 0 survivors (0K)
 Metaspace       used 2442K, committed 2688K, reserved 1114112K
  class space    used 232K, committed 384K, reserved 1048576K
}
Event: 2.072 GC heap after
{Heap after GC invocations=1 (full 0):
 garbage-first heap   total 524288K, used 2627K [0x00000000c0000000, 0x0000000100000000)
  region size 1024K, 3 young (3072K), 3 survivors (3072K)
 Metaspace       used 2442K, committed 2688K, reserved 1114112K
  class space    used 232K, committed 384K, reserved 1048576K
}
Event: 5.889 GC heap before
{Heap before GC invocations=1 (full 0):
 garbage-first heap   total 524288K, used 39491K [0x00000000c0000000, 0x0000000100000000)
  region size 1024K, 39 young (39936K), 3 survivors (3072K)
 Metaspace       used 7716K, committed 8000K, reserved 1114112K
  class space    used 908K, committed 1024K, reserved 1048576K
}
Event: 5.908 GC heap after
{Heap after GC invocations=2 (full 0):
 garbage-first heap   total 524288K, used 4548K [0x00000000c0000000, 0x0000000100000000)
  region size 1024K, 5 young (5120K), 5 survivors (5120K)
 Metaspace       used 7716K, committed 8000K, reserved 1114112K
  class space    used 908K, committed 1024K, reserved 1048576K
}
Event: 12.204 GC heap before
{Heap before GC invocations=2 (full 0):
 garbage-first heap   total 524288K, used 146884K [0x00000000c0000000, 0x0000000100000000)
  region size 1024K, 145 young (148480K), 5 survivors (5120K)
 Metaspace       used 21076K, committed 21504K, reserved 1114112K
  class space    used 2598K, committed 2752K, reserved 1048576K
}
Event: 12.240 GC heap after
{Heap after GC invocations=3 (full 0):
 garbage-first heap   total 524288K, used 11190K [0x00000000c0000000, 0x0000000100000000)
  region size 1024K, 11 young (11264K), 11 survivors (11264K)
 Metaspace       used 21076K, committed 21504K, reserved 1114112K
  class space    used 2598K, committed 2752K, reserved 1048576K
}
Event: 23.531 GC heap before
{Heap before GC invocations=4 (full 0):
 garbage-first heap   total 524288K, used 192438K [0x00000000c0000000, 0x0000000100000000)
  region size 1024K, 189 young (193536K), 11 survivors (11264K)
 Metaspace       used 35499K, committed 35968K, reserved 1114112K
  class space    used 4495K, committed 4736K, reserved 1048576K
}
Event: 23.575 GC heap after
{Heap after GC invocations=5 (full 0):
 garbage-first heap   total 524288K, used 18243K [0x00000000c0000000, 0x0000000100000000)
  region size 1024K, 18 young (18432K), 18 survivors (18432K)
 Metaspace       used 35499K, committed 35968K, reserved 1114112K
  class space    used 4495K, committed 4736K, reserved 1048576K
}

