# JRE version: Java(TM) SE Runtime Environment (21.0.2+13) (build 21.0.2+13-LTS-58)
# Java VM: Java HotSpot(TM) 64-Bit Server VM (21.0.2+13-LTS-58, mixed mode, emulated-client, sharing, tiered, compressed oops, compressed class ptrs, g1 gc, windows-amd64)
GC Precious Log:
 CardTable entry size: 512
 Card Set container configuration: InlinePtr #cards 5 size 8 Array Of Cards #cards 12 size 40 Howl #buckets 4 coarsen threshold 1843 Howl Bitmap #cards 512 size 80 coarsen threshold 460 Card regions per heap region 1 cards per card region 2048
 CPUs: 12 total, 12 available
 Memory: 7967M
 Large Page Support: Disabled
 NUMA Support: Disabled
 Compressed Oops: Enabled (32-bit)
 Heap Region Size: 1M
 Heap Min Capacity: 8M
 Heap Initial Capacity: 126M
 Heap Max Capacity: 1992M
 Pre-touch: Disabled
 Parallel Workers: 10
 Concurrent Workers: 3
 Concurrent Refinement Workers: 10
 Periodic GC: Disabled
Heap:
 garbage-first heap   total 99328K, used 38581K [0x0000000083800000, 0x0000000100000000)
  region size 1024K, 3 young (3072K), 3 survivors (3072K)
 Metaspace       used 80745K, committed 81600K, reserved 1179648K
  class space    used 11413K, committed 11776K, reserved 1048576K
GC Heap History (20 events):
Event: 167.300 GC heap after
{Heap after GC invocations=32 (full 2):
 garbage-first heap   total 105472K, used 35049K [0x0000000083800000, 0x0000000100000000)
  region size 1024K, 4 young (4096K), 4 survivors (4096K)
 Metaspace       used 78620K, committed 79552K, reserved 1179648K
  class space    used 11165K, committed 11584K, reserved 1048576K
}
Event: 170.570 GC heap before
{Heap before GC invocations=32 (full 2):
 garbage-first heap   total 105472K, used 87273K [0x0000000083800000, 0x0000000100000000)
  region size 1024K, 56 young (57344K), 4 survivors (4096K)
 Metaspace       used 78982K, committed 79808K, reserved 1179648K
  class space    used 11210K, committed 11584K, reserved 1048576K
}
Event: 170.576 GC heap after
{Heap after GC invocations=33 (full 2):
 garbage-first heap   total 105472K, used 37393K [0x0000000083800000, 0x0000000100000000)
  region size 1024K, 6 young (6144K), 6 survivors (6144K)
 Metaspace       used 78982K, committed 79808K, reserved 1179648K
  class space    used 11210K, committed 11584K, reserved 1048576K
}
Event: 171.124 GC heap before
{Heap before GC invocations=33 (full 2):
 garbage-first heap   total 105472K, used 89617K [0x0000000083800000, 0x0000000100000000)
  region size 1024K, 57 young (58368K), 6 survivors (6144K)
 Metaspace       used 79396K, committed 80192K, reserved 1179648K
  class space    used 11247K, committed 11584K, reserved 1048576K
}
Event: 171.130 GC heap after
{Heap after GC invocations=34 (full 2):
 garbage-first heap   total 105472K, used 39320K [0x0000000083800000, 0x0000000100000000)
  region size 1024K, 5 young (5120K), 5 survivors (5120K)
 Metaspace       used 79396K, committed 80192K, reserved 1179648K
  class space    used 11247K, committed 11584K, reserved 1048576K
}
Event: 307.698 GC heap before
{Heap before GC invocations=34 (full 2):
 garbage-first heap   total 105472K, used 90520K [0x0000000083800000, 0x0000000100000000)
  region size 1024K, 55 young (56320K), 5 survivors (5120K)
 Metaspace       used 79409K, committed 80256K, reserved 1179648K
  class space    used 11251K, committed 11648K, reserved 1048576K
}
Event: 307.852 GC heap after
{Heap after GC invocations=35 (full 2):
 garbage-first heap   total 105472K, used 38257K [0x0000000083800000, 0x0000000100000000)
  region size 1024K, 2 young (2048K), 2 survivors (2048K)
 Metaspace       used 79409K, committed 80256K, reserved 1179648K
  class space    used 11251K, committed 11648K, reserved 1048576K
}
Event: 307.881 GC heap before
{Heap before GC invocations=35 (full 2):
 garbage-first heap   total 105472K, used 38257K [0x0000000083800000, 0x0000000100000000)
  region size 1024K, 3 young (3072K), 2 survivors (2048K)
 Metaspace       used 79409K, committed 80256K, reserved 1179648K
  class space    used 11251K, committed 11648K, reserved 1048576K
}
Event: 308.798 GC heap after
{Heap after GC invocations=36 (full 3):
 garbage-first heap   total 99328K, used 27007K [0x0000000083800000, 0x0000000100000000)
  region size 1024K, 0 young (0K), 0 survivors (0K)
 Metaspace       used 79088K, committed 80256K, reserved 1179648K
  class space    used 11172K, committed 11648K, reserved 1048576K
}
Event: 313.547 GC heap before
{Heap before GC invocations=36 (full 3):
 garbage-first heap   total 99328K, used 86399K [0x0000000083800000, 0x0000000100000000)
  region size 1024K, 58 young (59392K), 0 survivors (0K)
 Metaspace       used 79409K, committed 80256K, reserved 1179648K
  class space    used 11231K, committed 11648K, reserved 1048576K
}
Event: 313.558 GC heap after
{Heap after GC invocations=37 (full 3):
 garbage-first heap   total 99328K, used 33141K [0x0000000083800000, 0x0000000100000000)
  region size 1024K, 6 young (6144K), 6 survivors (6144K)
 Metaspace       used 79409K, committed 80256K, reserved 1179648K
  class space    used 11231K, committed 11648K, reserved 1048576K
}
Event: 317.618 GC heap before
{Heap before GC invocations=37 (full 3):
 garbage-first heap   total 99328K, used 84341K [0x0000000083800000, 0x0000000100000000)
  region size 1024K, 56 young (57344K), 6 survivors (6144K)
 Metaspace       used 79893K, committed 80640K, reserved 1179648K
  class space    used 11292K, committed 11648K, reserved 1048576K
}
Event: 317.630 GC heap after
{Heap after GC invocations=38 (full 3):
 garbage-first heap   total 99328K, used 36301K [0x0000000083800000, 0x0000000100000000)
  region size 1024K, 4 young (4096K), 4 survivors (4096K)
 Metaspace       used 79893K, committed 80640K, reserved 1179648K
  class space    used 11292K, committed 11648K, reserved 1048576K
}
Event: 318.631 GC heap before
{Heap before GC invocations=38 (full 3):
 garbage-first heap   total 99328K, used 85453K [0x0000000083800000, 0x0000000100000000)
  region size 1024K, 52 young (53248K), 4 survivors (4096K)
 Metaspace       used 80255K, committed 81088K, reserved 1179648K
  class space    used 11349K, committed 11712K, reserved 1048576K
}
Event: 318.639 GC heap after
{Heap after GC invocations=39 (full 3):
 garbage-first heap   total 99328K, used 39362K [0x0000000083800000, 0x0000000100000000)
  region size 1024K, 7 young (7168K), 7 survivors (7168K)
 Metaspace       used 80255K, committed 81088K, reserved 1179648K
  class space    used 11349K, committed 11712K, reserved 1048576K
}
Event: 321.403 GC heap before
{Heap before GC invocations=40 (full 3):
 garbage-first heap   total 99328K, used 67010K [0x0000000083800000, 0x0000000100000000)
  region size 1024K, 35 young (35840K), 7 survivors (7168K)
 Metaspace       used 80352K, committed 81216K, reserved 1179648K
  class space    used 11373K, committed 11776K, reserved 1048576K
}
Event: 321.503 GC heap after
{Heap after GC invocations=41 (full 4):
 garbage-first heap   total 99328K, used 31836K [0x0000000083800000, 0x0000000100000000)
  region size 1024K, 0 young (0K), 0 survivors (0K)
 Metaspace       used 80170K, committed 81216K, reserved 1179648K
  class space    used 11333K, committed 11776K, reserved 1048576K
}
Event: 322.118 GC heap before
{Heap before GC invocations=41 (full 4):
 garbage-first heap   total 99328K, used 85084K [0x0000000083800000, 0x0000000100000000)
  region size 1024K, 52 young (53248K), 0 survivors (0K)
 Metaspace       used 80421K, committed 81344K, reserved 1179648K
  class space    used 11379K, committed 11776K, reserved 1048576K
}
Event: 322.123 GC heap after
{Heap after GC invocations=42 (full 4):
 garbage-first heap   total 99328K, used 36652K [0x0000000083800000, 0x0000000100000000)
  region size 1024K, 5 young (5120K), 5 survivors (5120K)
 Metaspace       used 80421K, committed 81344K, reserved 1179648K
  class space    used 11379K, committed 11776K, reserved 1048576K
}
Event: 325.224 GC heap before
{Heap before GC invocations=43 (full 4):
 garbage-first heap   total 99328K, used 84780K [0x0000000083800000, 0x0000000100000000)
  region size 1024K, 52 young (53248K), 5 survivors (5120K)
 Metaspace       used 80745K, committed 81600K, reserved 1179648K
  class space    used 11413K, committed 11776K, reserved 1048576K
}

